Using pre-set license
Built from '2020.3/staging' branch; Version is '2020.3.30f1 (1fb1bf06830e) revision 2077119'; Using compiler version '192528614'; Build Type 'Release'
OS: 'Windows 10  (10.0.19045) 64bit Core' Language: 'en' Physical Memory: 32617 MB
BatchMode: 1, IsHumanControllingUs: 0, StartBugReporterOnCrash: 0, Is64bit: 1, IsPro: 0

COMMAND LINE ARGUMENTS:
C:\Program Files\Unity\Hub\Editor\2020.3.30f1\Editor\Unity.exe
-adb2
-batchMode
-noUpm
-name
AssetImportWorker0
-projectPath
C:/Users/lulul/Documents/_Vault/Vtol Vr Modding/BCATEA6B/EA_6B_Prowler/BCAT-EA6B
-logFile
Logs/AssetImportWorker0.log
-srvPort
54087
Successfully changed project path to: C:/Users/lulul/Documents/_Vault/Vtol Vr Modding/BCATEA6B/EA_6B_Prowler/BCAT-EA6B
C:/Users/lulul/Documents/_Vault/Vtol Vr Modding/BCATEA6B/EA_6B_Prowler/BCAT-EA6B
Using Asset Import Pipeline V2.
Refreshing native plugins compatible for Editor in 124.15 ms, found 7 plugins.
Preloading 0 native plugins for Editor in 0.00 ms.
Initialize engine version: 2020.3.30f1 (1fb1bf06830e)
[Subsystems] Discovering subsystems at path C:/Program Files/Unity/Hub/Editor/2020.3.30f1/Editor/Data/Resources/UnitySubsystems
[Subsystems] Discovering subsystems at path C:/Users/lulul/Documents/_Vault/Vtol Vr Modding/BCATEA6B/EA_6B_Prowler/BCAT-EA6B/Assets
GfxDevice: creating device client; threaded=0
Direct3D:
    Version:  Direct3D 11.0 [level 11.1]
    Renderer: NVIDIA GeForce RTX 2060 (ID=0x1f11)
    Vendor:   
    VRAM:     5969 MB
    Driver:   31.0.15.4617
Shader 'Ethical Motion/Particles/Lit MultiLight': fallback shader 'Hidden/Ethical Motion/Particles/Lit Alpha Blend Shadow Fallback' not found
Shader 'Ethical Motion/Particles/Lit': fallback shader 'Hidden/Ethical Motion/Particles/Lit Alpha Blend Shadow Fallback' not found
Initialize mono
Mono path[0] = 'C:/Program Files/Unity/Hub/Editor/2020.3.30f1/Editor/Data/Managed'
Mono path[1] = 'C:/Program Files/Unity/Hub/Editor/2020.3.30f1/Editor/Data/MonoBleedingEdge/lib/mono/unityjit'
Mono config path = 'C:/Program Files/Unity/Hub/Editor/2020.3.30f1/Editor/Data/MonoBleedingEdge/etc'
Using monoOptions --debugger-agent=transport=dt_socket,embedding=1,server=y,suspend=n,address=127.0.0.1:56000
Begin MonoManager ReloadAssembly
Registering precompiled unity dll's ...
Register platform support module: C:/Program Files/Unity/Hub/Editor/2020.3.30f1/Editor/Data/PlaybackEngines/WindowsStandaloneSupport/UnityEditor.WindowsStandalone.Extensions.dll
Registered in 0.003926 seconds.
Native extension for WindowsStandalone target not found
Refreshing native plugins compatible for Editor in 88.48 ms, found 7 plugins.
Preloading 0 native plugins for Editor in 0.00 ms.
Mono: successfully reloaded assembly
- Completed reload, in  0.746 seconds
Domain Reload Profiling:
	ReloadAssembly (747ms)
		BeginReloadAssembly (102ms)
			ExecutionOrderSort (0ms)
			DisableScriptedObjects (0ms)
			BackupInstance (0ms)
			ReleaseScriptingObjects (0ms)
			CreateAndSetChildDomain (1ms)
		EndReloadAssembly (556ms)
			LoadAssemblies (98ms)
			RebuildTransferFunctionScriptingTraits (0ms)
			SetupTypeCache (162ms)
			ReleaseScriptCaches (0ms)
			RebuildScriptCaches (32ms)
			SetupLoadedEditorAssemblies (225ms)
				LogAssemblyErrors (0ms)
				InitializePlatformSupportModulesInManaged (5ms)
				SetLoadedEditorAssemblies (0ms)
				RefreshPlugins (89ms)
				BeforeProcessingInitializeOnLoad (9ms)
				ProcessInitializeOnLoadAttributes (87ms)
				ProcessInitializeOnLoadMethodAttributes (34ms)
				AfterProcessingInitializeOnLoad (0ms)
				EditorAssembliesLoaded (0ms)
			ExecutionOrderSort2 (0ms)
			AwakeInstancesAfterBackupRestoration (0ms)
Platform modules already initialized, skipping
Registering precompiled user dll's ...
Registered in 0.046758 seconds.
Begin MonoManager ReloadAssembly
Native extension for WindowsStandalone target not found
Refreshing native plugins compatible for Editor in 96.19 ms, found 7 plugins.
Preloading 0 native plugins for Editor in 0.00 ms.
Mono: successfully reloaded assembly
- Completed reload, in  1.765 seconds
Domain Reload Profiling:
	ReloadAssembly (1766ms)
		BeginReloadAssembly (189ms)
			ExecutionOrderSort (0ms)
			DisableScriptedObjects (5ms)
			BackupInstance (0ms)
			ReleaseScriptingObjects (0ms)
			CreateAndSetChildDomain (20ms)
		EndReloadAssembly (1500ms)
			LoadAssemblies (173ms)
			RebuildTransferFunctionScriptingTraits (0ms)
			SetupTypeCache (577ms)
			ReleaseScriptCaches (1ms)
			RebuildScriptCaches (123ms)
			SetupLoadedEditorAssemblies (479ms)
				LogAssemblyErrors (0ms)
				InitializePlatformSupportModulesInManaged (4ms)
				SetLoadedEditorAssemblies (0ms)
				RefreshPlugins (96ms)
				BeforeProcessingInitializeOnLoad (100ms)
				ProcessInitializeOnLoadAttributes (250ms)
				ProcessInitializeOnLoadMethodAttributes (15ms)
				AfterProcessingInitializeOnLoad (13ms)
				EditorAssembliesLoaded (0ms)
			ExecutionOrderSort2 (0ms)
			AwakeInstancesAfterBackupRestoration (7ms)
Platform modules already initialized, skipping
========================================================================
Worker process is ready to serve import requests
Shader 'Ethical Motion/Particles/Lit MultiLight': fallback shader 'Hidden/Ethical Motion/Particles/Lit Alpha Blend Shadow Fallback' not found
Shader 'Ethical Motion/Particles/Lit': fallback shader 'Hidden/Ethical Motion/Particles/Lit Alpha Blend Shadow Fallback' not found
Launched and connected shader compiler UnityShaderCompiler.exe after 0.08 seconds
Refreshing native plugins compatible for Editor in 1.21 ms, found 7 plugins.
Preloading 0 native plugins for Editor in 0.00 ms.
Unloading 4560 Unused Serialized files (Serialized files now loaded: 0)
System memory in use before: 241.9 MB.
System memory in use after: 242.1 MB.

Unloading 70 unused Assets to reduce memory usage. Loaded Objects now: 5301.
Total: 4.887000 ms (FindLiveObjects: 0.342100 ms CreateObjectMapping: 0.248900 ms MarkObjects: 4.110200 ms  DeleteObjects: 0.184300 ms)

AssetImportParameters requested are different than current active one (requested -> active):
  custom:framework-win-MediaFoundation: 216162199b28c13a410421893ffa2e32 -> 
  custom:video-decoder-ogg-theora: a1e56fd34408186e4bbccfd4996cb3dc -> 
  custom:container-muxer-webm: aa71ff27fc2769a1b78a27578f13a17b -> 
  custom:container-demuxer-webm: 4f35f7cbe854078d1ac9338744f61a02 -> 
  custom:container-demuxer-ogg: 62fdf1f143b41e24485cea50d1cbac27 -> 
  custom:video-encoder-webm-vp8: eb34c28f22e8b96e1ab97ce403110664 -> 
  custom:video-codec-MediaFoundation-h265: e54d7ab0439102e2317fc1e4b246158d -> 
  custom:video-decoder-webm-vp8: 9c59270c3fd7afecdb556c50c9e8de78 -> 
  custom:audio-decoder-ogg-vorbis: bf7c407c2cedff20999df2af8eb42d56 -> 
  custom:audio-encoder-webm-vorbis: bf7c407c2cedff20999df2af8eb42d56 -> 
========================================================================
Received Import Request.
  path: Assets/PrefabInstance/EA6B.prefab
  artifactKey: Guid(b7d83c4fd181b144e9918af879d38b90) Importer(815301076,1909f56bfc062723c751e8b465ee728b)
Start importing Assets/PrefabInstance/EA6B.prefab using Guid(b7d83c4fd181b144e9918af879d38b90) Importer(815301076,1909f56bfc062723c751e8b465ee728b)  -> (artifact id: 'c6ded9650d8fd2df9c2bf3fc8828c2ae') in 4.044959 seconds 
========================================================================
Received Import Request.
  Time since last request: 133742.986344 seconds.
  path: Assets/PrefabInstance/NBDA/frenchmissiles/Resources/hpequips/ea6b/mk82HDx6.prefab
  artifactKey: Guid(b166bc4d4209e8c4fa591491eeafe569) Importer(815301076,1909f56bfc062723c751e8b465ee728b)
Start importing Assets/PrefabInstance/NBDA/frenchmissiles/Resources/hpequips/ea6b/mk82HDx6.prefab using Guid(b166bc4d4209e8c4fa591491eeafe569) Importer(815301076,1909f56bfc062723c751e8b465ee728b)  -> (artifact id: '68922b7d03da79f31982b54e5aa27622') in 0.522120 seconds 
========================================================================
Received Import Request.
  Time since last request: 4.045961 seconds.
  path: Assets/PrefabInstance/NBDA/frenchmissiles/Resources/hpequips/ea6b/mk82x6 1.prefab
  artifactKey: Guid(25dc85771644a674c884b42b51c2f482) Importer(815301076,1909f56bfc062723c751e8b465ee728b)
Start importing Assets/PrefabInstance/NBDA/frenchmissiles/Resources/hpequips/ea6b/mk82x6 1.prefab using Guid(25dc85771644a674c884b42b51c2f482) Importer(815301076,1909f56bfc062723c751e8b465ee728b)  -> (artifact id: 'bf38db85997e21b7fd478b1cde40582f') in 0.024726 seconds 
========================================================================
Received Import Request.
  Time since last request: 17.877858 seconds.
  path: Assets/PrefabInstance/NBDA/frenchmissiles/Resources/hpequips/ea6b/mk82x6.prefab
  artifactKey: Guid(7147efca09039634fb7e5c2caf9e2361) Importer(815301076,1909f56bfc062723c751e8b465ee728b)
Start importing Assets/PrefabInstance/NBDA/frenchmissiles/Resources/hpequips/ea6b/mk82x6.prefab using Guid(7147efca09039634fb7e5c2caf9e2361) Importer(815301076,1909f56bfc062723c751e8b465ee728b)  -> (artifact id: '68927a4b7c054fc13b886584613df12d') in 0.027775 seconds 
========================================================================
Received Import Request.
  Time since last request: 5.194415 seconds.
  path: Assets/PrefabInstance/NBDA/frenchmissiles/Resources/hpequips/ea6b/gbu12x6.prefab
  artifactKey: Guid(88feebf89380e654292e7123dc9f82a7) Importer(815301076,1909f56bfc062723c751e8b465ee728b)
Start importing Assets/PrefabInstance/NBDA/frenchmissiles/Resources/hpequips/ea6b/gbu12x6.prefab using Guid(88feebf89380e654292e7123dc9f82a7) Importer(815301076,1909f56bfc062723c751e8b465ee728b)  -> (artifact id: '555a1a56050652696f1a77eb764f724e') in 0.037763 seconds 
AssetImportWorkerClient::OnTransportError - code=2 error=End of file
